Not searching for unused variables given on the command line.
[36m--[0m Using CATKIN_DEVEL_PREFIX: /nfs/home/matthew/GitHub/Swarmathon-ALSA/devel
[36m--[0m Using CMAKE_PREFIX_PATH: /opt/ros/indigo
[36m--[0m This workspace overlays: /opt/ros/indigo
[36m--[0m Using PYTHON_EXECUTABLE: /nfs/home/matthew/anaconda2/bin/python
[36m--[0m Using Debian Python package layout
[36m--[0m Using empy: /usr/bin/empy
[36m--[0m Using CATKIN_ENABLE_TESTING: ON
[36m--[0m Call enable_testing()
[36m--[0m Using CATKIN_TEST_RESULTS_DIR: /nfs/home/matthew/GitHub/Swarmathon-ALSA/build/rqt_rover_gui/test_results
[36m--[0m Found gtest sources under '/usr/src/gtest': gtests will be built
[36m--[0m Using Python nosetests: /usr/bin/nosetests-2.7
ImportError: "from catkin_pkg.package import parse_package" failed: No module named catkin_pkg.package
Make sure that you have installed "catkin_pkg", it is up to date and on the PYTHONPATH.
[31m[1mCMake Error[0m at /opt/ros/indigo/share/catkin/cmake/safe_execute_process.cmake:11 (message):
  execute_process(/nfs/home/matthew/anaconda2/bin/python
  "/opt/ros/indigo/share/catkin/cmake/parse_package_xml.py"
  "/opt/ros/indigo/share/catkin/cmake/../package.xml"
  "/nfs/home/matthew/GitHub/Swarmathon-ALSA/build/rqt_rover_gui/catkin/catkin_generated/version/package.cmake")
  returned error code 1
[36mCall Stack (most recent call first):[0m
  /opt/ros/indigo/share/catkin/cmake/catkin_package_xml.cmake:63 (safe_execute_process)
  /opt/ros/indigo/share/catkin/cmake/all.cmake:151 (_catkin_package_xml)
  /opt/ros/indigo/share/catkin/cmake/catkinConfig.cmake:20 (include)
  CMakeLists.txt:21 (find_package)


[36m--[0m Configuring incomplete, errors occurred!
See also "/nfs/home/matthew/GitHub/Swarmathon-ALSA/build/rqt_rover_gui/CMakeFiles/CMakeOutput.log".
See also "/nfs/home/matthew/GitHub/Swarmathon-ALSA/build/rqt_rover_gui/CMakeFiles/CMakeError.log".
